Build started 6/1/2024 8:06:47 AM.
     1>Project "E:\doAnNhom2\QUANLIHOCVIEN\nhom2-CungCode\nhom2-CungCode.vcxproj" on node 2 (Build target(s)).
     1>ClCompile:
         E:\App\vs2012Ultimate\VC\bin\CL.exe /c /ZI /nologo /W3 /WX- /Od /Oy- /D WIN32 /D _DEBUG /D _CONSOLE /D _UNICODE /D UNICODE /Gm /EHsc /RTC1 /MDd /GS /fp:precise /Zc:wchar_t /Zc:forScope /Fo"Debug\\" /Fd"Debug\vc110.pdb" /Gd /TP /analyze- /errorReport:prompt quanLiHocVien.cpp
         quanLiHocVien.cpp
     1>e:\doannhom2\quanlihocvien\nhom2-cungcode\quanlihocvien.cpp(36): error C2360: initialization of 'searchByTenLop' is skipped by 'case' label
                 e:\doannhom2\quanlihocvien\nhom2-cungcode\quanlihocvien.cpp(23) : see declaration of 'searchByTenLop'
     1>e:\doannhom2\quanlihocvien\nhom2-cungcode\quanlihocvien.cpp(59): error C2360: initialization of 'searchByMaHocVien' is skipped by 'case' label
                 e:\doannhom2\quanlihocvien\nhom2-cungcode\quanlihocvien.cpp(41) : see declaration of 'searchByMaHocVien'
     1>e:\doannhom2\quanlihocvien\nhom2-cungcode\quanlihocvien.cpp(59): error C2360: initialization of 'searchByTenLop' is skipped by 'case' label
                 e:\doannhom2\quanlihocvien\nhom2-cungcode\quanlihocvien.cpp(23) : see declaration of 'searchByTenLop'
     1>e:\doannhom2\quanlihocvien\nhom2-cungcode\quanlihocvien.cpp(82): error C2361: initialization of 'searchByYOB' is skipped by 'default' label
                 e:\doannhom2\quanlihocvien\nhom2-cungcode\quanlihocvien.cpp(64) : see declaration of 'searchByYOB'
     1>e:\doannhom2\quanlihocvien\nhom2-cungcode\quanlihocvien.cpp(82): error C2361: initialization of 'searchByMaHocVien' is skipped by 'default' label
                 e:\doannhom2\quanlihocvien\nhom2-cungcode\quanlihocvien.cpp(41) : see declaration of 'searchByMaHocVien'
     1>e:\doannhom2\quanlihocvien\nhom2-cungcode\quanlihocvien.cpp(82): error C2361: initialization of 'searchByTenLop' is skipped by 'default' label
                 e:\doannhom2\quanlihocvien\nhom2-cungcode\quanlihocvien.cpp(23) : see declaration of 'searchByTenLop'
     1>Done Building Project "E:\doAnNhom2\QUANLIHOCVIEN\nhom2-CungCode\nhom2-CungCode.vcxproj" (Build target(s)) -- FAILED.

Build FAILED.

Time Elapsed 00:00:00.56
